Traceback (most recent call last):
  File "/Library/Frameworks/Python.framework/Versions/3.11/lib/python3.11/site-packages/jupyter_cache/executors/utils.py", line 58, in single_nb_execution
    executenb(
  File "/Library/Frameworks/Python.framework/Versions/3.11/lib/python3.11/site-packages/nbclient/client.py", line 1265, in execute
    return NotebookClient(nb=nb, resources=resources, km=km, **kwargs).execute()
           ^^^^^^^^^^^^^^^^^^^^^^^^^^^^^^^^^^^^^^^^^^^^^^^^^^^^^^^^^^^^^^^^^^^^^
  File "/Library/Frameworks/Python.framework/Versions/3.11/lib/python3.11/site-packages/jupyter_core/utils/__init__.py", line 166, in wrapped
    return loop.run_until_complete(inner)
           ^^^^^^^^^^^^^^^^^^^^^^^^^^^^^^
  File "/Library/Frameworks/Python.framework/Versions/3.11/lib/python3.11/asyncio/base_events.py", line 653, in run_until_complete
    return future.result()
           ^^^^^^^^^^^^^^^
  File "/Library/Frameworks/Python.framework/Versions/3.11/lib/python3.11/contextlib.py", line 222, in __aexit__
    await self.gen.athrow(typ, value, traceback)
  File "/Library/Frameworks/Python.framework/Versions/3.11/lib/python3.11/site-packages/nbclient/client.py", line 648, in async_setup_kernel
    yield
  File "/Library/Frameworks/Python.framework/Versions/3.11/lib/python3.11/site-packages/nbclient/client.py", line 703, in async_execute
    await self.async_execute_cell(
  File "/Library/Frameworks/Python.framework/Versions/3.11/lib/python3.11/site-packages/nbclient/client.py", line 1021, in async_execute_cell
    await self._check_raise_for_error(cell, cell_index, exec_reply)
  File "/Library/Frameworks/Python.framework/Versions/3.11/lib/python3.11/site-packages/nbclient/client.py", line 915, in _check_raise_for_error
    raise CellExecutionError.from_cell_and_msg(cell, exec_reply_content)
nbclient.exceptions.CellExecutionError: An error occurred while executing the following cell:
------------------
list_coeff_4 = [[3,5], [-10, 3], [23, 1]]
random.seed(10)
test_func_close(relaxed_newton_method, [[polynome(list_coeff_4), polynome(polynomial_der(list_coeff_4)), -1, 0.001, 1000, 0.75]], [(-0.0007000012677832279, 8)])
test_func_close(relaxed_newton_method, [[polynome(list_coeff_4), polynome(polynomial_der(list_coeff_4)), -1, 0.001, 1000, 0.75]], [(-0.0006011773865865731, 10)]) 
random.seed()

print('Function seems to work')
------------------

[0;31m---------------------------------------------------------------------------[0m
[0;31mTypeError[0m                                 Traceback (most recent call last)
Cell [0;32mIn[15], line 3[0m
[1;32m      1[0m list_coeff_4 [38;5;241m=[39m [[[38;5;241m3[39m,[38;5;241m5[39m], [[38;5;241m-[39m[38;5;241m10[39m, [38;5;241m3[39m], [[38;5;241m23[39m, [38;5;241m1[39m]]
[1;32m      2[0m random[38;5;241m.[39mseed([38;5;241m10[39m)
[0;32m----> 3[0m [43mtest_func_close[49m[43m([49m[43mrelaxed_newton_method[49m[43m,[49m[43m [49m[43m[[49m[43m[[49m[43mpolynome[49m[43m([49m[43mlist_coeff_4[49m[43m)[49m[43m,[49m[43m [49m[43mpolynome[49m[43m([49m[43mpolynomial_der[49m[43m([49m[43mlist_coeff_4[49m[43m)[49m[43m)[49m[43m,[49m[43m [49m[38;5;241;43m-[39;49m[38;5;241;43m1[39;49m[43m,[49m[43m [49m[38;5;241;43m0.001[39;49m[43m,[49m[43m [49m[38;5;241;43m1000[39;49m[43m,[49m[43m [49m[38;5;241;43m0.75[39;49m[43m][49m[43m][49m[43m,[49m[43m [49m[43m[[49m[43m([49m[38;5;241;43m-[39;49m[38;5;241;43m0.0007000012677832279[39;49m[43m,[49m[43m [49m[38;5;241;43m8[39;49m[43m)[49m[43m][49m[43m)[49m
[1;32m      4[0m test_func_close(relaxed_newton_method, [[polynome(list_coeff_4), polynome(polynomial_der(list_coeff_4)), [38;5;241m-[39m[38;5;241m1[39m, [38;5;241m0.001[39m, [38;5;241m1000[39m, [38;5;241m0.75[39m]], [([38;5;241m-[39m[38;5;241m0.0006011773865865731[39m, [38;5;241m10[39m)]) 
[1;32m      5[0m random[38;5;241m.[39mseed()

Cell [0;32mIn[2], line 5[0m, in [0;36mtest_func_close[0;34m(func, arg_list, ret_list, index_list)[0m
[1;32m      3[0m output [38;5;241m=[39m func([38;5;241m*[39marg)
[1;32m      4[0m [38;5;28;01mfor[39;00m i [38;5;129;01min[39;00m index_list:
[0;32m----> 5[0m     [38;5;28;01massert[39;00m np[38;5;241m.[39misclose([43moutput[49m[43m[[49m[43mi[49m[43m][49m, ret[i]), [38;5;124m"[39m[38;5;124mBasic test failed[39m[38;5;124m"[39m

[0;31mTypeError[0m: 'NoneType' object is not subscriptable
TypeError: 'NoneType' object is not subscriptable

